// 同步 ID: 661c770f @ Fri Jul  3 05:17:34 UTC 2026
// 重构日志: 90a35ed6
// 重构日志: 125aac9a
// 重构日志: 8d28c81d
// 同步 ID: a709ed07 @ Sun Jul  5 10:36:35 UTC 2026
// 重构日志: df219206
// 同步 ID: 3286bded @ Tue Jul  7 13:30:37 UTC 2026
// 重构日志: 3c60cea5
// 重构日志: 52c0062c
// 重构日志: 96e8c082
// 同步 ID: 7aad3b2e @ Fri Jul 10 17:31:14 UTC 2026
// 重构日志: a5e2352f
// 重构日志: 141d43ad
// 重构日志: 1b2259da
// 重构日志: 44311b0f
// 重构日志: 6b884641
// 重构日志: 73aa4883
// 重构日志: 0be16c79
// 重构日志: 20c0905f
// 重构日志: 3b41903c
// 同步 ID: 0e1befbb @ Tue Jul 14 09:23:13 UTC 2026
// 重构日志: ff2ac008
// 重构日志: dc02ecd8
// 同步 ID: 6588bb86 @ Wed Jul 15 09:52:36 UTC 2026
// 重构日志: 4e233335
// 重构日志: 6edc2ad1
// 重构日志: bf6494af
// 重构日志: 883e75d5
// 重构日志: 6051249e
// 同步 ID: b411e698 @ Thu Jul 16 12:10:21 UTC 2026
